Honey_Create_Cloud/app/build/intermediates/manifest_merge_blame_file/debug/manifest-merger-blame-debug-report.txt
1<?xml version="1.0" encoding="utf-8"?>
2<manifest xmlns:android="http://schemas.android.com/apk/res/android"
3    package="com.example.honey_create_cloud"
4    android:versionCode="1"
5    android:versionName="1.0" >
6
7    <uses-sdk
8        android:minSdkVersion="14"
8-->src\main\AndroidManifest.xml
9        android:targetSdkVersion="29" />
9-->src\main\AndroidManifest.xml
10
11    <uses-permission android:name="android.permission.ACCESS_NETWORK_STATE" />
11-->src\main\AndroidManifest.xml:5:5-79
11-->src\main\AndroidManifest.xml:5:22-76
12    <uses-permission android:name="android.permission.INTERNET" />
12-->src\main\AndroidManifest.xml:6:5-67
12-->src\main\AndroidManifest.xml:6:22-64
13    <uses-permission android:name="android.permission.WRITE_EXTERNAL_STORAGE" />
13-->src\main\AndroidManifest.xml:7:5-81
13-->src\main\AndroidManifest.xml:7:22-78
14    <uses-permission android:name="android.permission.READ_EXTERNAL_STORAGE" />
14-->src\main\AndroidManifest.xml:8:5-80
14-->src\main\AndroidManifest.xml:8:22-77
15    <uses-permission android:name="android.permission.CAMERA" />
15-->src\main\AndroidManifest.xml:9:5-65
15-->src\main\AndroidManifest.xml:9:22-62
16
17    <application
17-->src\main\AndroidManifest.xml:11:5-30:19
18        android:allowBackup="true"
18-->src\main\AndroidManifest.xml:12:9-35
19        android:appComponentFactory="androidx.core.app.CoreComponentFactory"
19-->[androidx.core:core:1.1.0] AndroidManifest.xml:24:18-86
20        android:debuggable="true"
21        android:icon="@mipmap/ic_launcher"
21-->src\main\AndroidManifest.xml:13:9-43
22        android:label="@string/app_name"
22-->src\main\AndroidManifest.xml:14:9-41
23        android:roundIcon="@mipmap/ic_launcher_round"
23-->src\main\AndroidManifest.xml:15:9-54
24        android:supportsRtl="true"
24-->src\main\AndroidManifest.xml:16:9-35
25        android:testOnly="true"
26        android:theme="@style/AppTheme"
26-->src\main\AndroidManifest.xml:17:9-40
27        android:usesCleartextTraffic="true" >
27-->src\main\AndroidManifest.xml:18:9-44
28        <activity android:name="com.example.honey_create_cloud.ui.ApplyActivity" />
28-->src\main\AndroidManifest.xml:19:9-63
28-->src\main\AndroidManifest.xml:19:19-51
29        <activity
29-->src\main\AndroidManifest.xml:20:9-29:20
30            android:name="com.example.honey_create_cloud.ui.MainActivity"
30-->src\main\AndroidManifest.xml:21:13-44
31            android:screenOrientation="portrait"
31-->src\main\AndroidManifest.xml:22:13-49
32            android:theme="@style/AppThemeTwo" >
32-->src\main\AndroidManifest.xml:23:13-47
33            <intent-filter>
33-->src\main\AndroidManifest.xml:24:13-28:29
34                <action android:name="android.intent.action.MAIN" />
34-->src\main\AndroidManifest.xml:25:17-69
34-->src\main\AndroidManifest.xml:25:25-66
35
36                <category android:name="android.intent.category.LAUNCHER" />
36-->src\main\AndroidManifest.xml:27:17-77
36-->src\main\AndroidManifest.xml:27:27-74
37            </intent-filter>
38        </activity>
39    </application>
40
41</manifest>